<?xml version="1.0" encoding="UTF-8"?>
<testng-results skipped="0" failed="0" total="1" passed="1">
  <reporter-output>
  </reporter-output>
  <suite name="Suite" duration-ms="47" started-at="2020-08-07T14:50:34Z" finished-at="2020-08-07T14:50:34Z">
    <groups>
    </groups>
    <test name="Test" duration-ms="47" started-at="2020-08-07T14:50:34Z" finished-at="2020-08-07T14:50:34Z">
      <class name="Pack1.Class1">
        <test-method status="PASS" signature="first()[pri:0, instance:Pack1.Class1@2a33fae0]" name="first" duration-ms="25" started-at="2020-08-07T07:50:34Z" finished-at="2020-08-07T07:50:34Z">
          <reporter-output>
          </reporter-output>
        </test-method> <!-- first -->
      </class> <!-- Pack1.Class1 -->
    </test> <!-- Test -->
  </suite> <!-- Suite -->
</testng-results>
